<?xml version="1.0" encoding="UTF-8"?>
<testng-results ignored="0" total="1" passed="1" failed="0" skipped="0">
  <reporter-output>
  </reporter-output>
  <suite started-at="2022-02-16T05:43:51Z" name="Suite" finished-at="2022-02-16T05:44:25Z" duration-ms="33960">
    <groups>
    </groups>
    <test started-at="2022-02-16T05:43:51Z" name="Check the total displayed number of results for category Smart Home" finished-at="2022-02-16T05:44:25Z" duration-ms="33960">
      <class name="com.Tradeling.WebTest.CheckProductDetailsPage">
        <test-method is-config="true" signature="setup(java.lang.String)[pri:0, instance:com.Tradeling.WebTest.CheckProductDetailsPage@5f20155b]" started-at="2022-02-16T05:43:51Z" name="setup" finished-at="2022-02-16T05:43:54Z" duration-ms="2944" status="PASS">
          <params>
            <param index="0">
              <value>
                <![CDATA[chrome]]>
              </value>
            </param>
          </params>
          <reporter-output>
          </reporter-output>
        </test-method> <!-- setup -->
        <test-method signature="Scenario2(org.testng.ITestContext)[pri:0, instance:com.Tradeling.WebTest.CheckProductDetailsPage@5f20155b]" started-at="2022-02-16T05:43:54Z" name="Scenario2" description="Check filter by department in Deals and Promotions page" finished-at="2022-02-16T05:44:24Z" duration-ms="30129" status="PASS">
          <params>
            <param index="0">
              <value>
                <![CDATA[org.testng.TestRunner@4412186f]]>
              </value>
            </param>
          </params>
          <reporter-output>
          </reporter-output>
        </test-method> <!-- Scenario2 -->
        <test-method is-config="true" signature="tearDown()[pri:0, instance:com.Tradeling.WebTest.CheckProductDetailsPage@5f20155b]" started-at="2022-02-16T05:44:25Z" name="tearDown" finished-at="2022-02-16T05:44:25Z" duration-ms="0" status="PASS">
          <reporter-output>
          </reporter-output>
        </test-method> <!-- tearDown -->
      </class> <!-- com.Tradeling.WebTest.CheckProductDetailsPage -->
    </test> <!-- Check the total displayed number of results for category Smart Home -->
  </suite> <!-- Suite -->
</testng-results>
